2015-01-01 11:14:32.356 goodMood[3936:22118] Apache Cordova native platform version 3.7.0 is starting.
2015-01-01 11:14:32.361 goodMood[3936:22118] Multi-tasking -> Device: YES, App: YES
2015-01-01 11:14:32.386 goodMood[3936:22118] Unlimited access to network resources
2015-01-01 11:14:32.924 goodMood[3936:22118] [CDVTimer][keyboard] 0.090003ms
2015-01-01 11:14:32.940 goodMood[3936:22118] [CDVTimer][file] 16.385019ms
2015-01-01 11:14:32.941 goodMood[3936:22118] Init FacebookConnect Session
2015-01-01 11:14:32.962 goodMood[3936:22118] [CDVTimer][facebookconnectplugin] 21.012008ms
2015-01-01 11:14:32.962 goodMood[3936:22118] [CDVTimer][TotalPluginStartup] 38.079977ms
2015-01-01 11:14:33.402 goodMood[3936:22118] Resetting plugins due to page load.
2015-01-01 11:14:34.084 goodMood[3936:22118] Finished load of: http://10.0.1.12:8100/#/login/%252F
2015-01-01 11:14:37.308 goodMood[3936:22118] Setting the WebView's frame to {{0, 0}, {375, 623}}
2015-01-01 11:14:37.329 goodMood[3936:22118] THREAD WARNING: ['InAppBrowser'] took '261.686035' ms. Plugin should use a background thread.
2015-01-01 11:14:43.963 goodMood[3936:22118] initializing 
2015-01-01 11:14:44.450 goodMood[3936:22118] view entered [object Object]
2015-01-01 11:14:45.955 goodMood[3936:22118] mousedown 
2015-01-01 11:14:46.035 goodMood[3936:22118] clicked!
2015-01-01 11:14:53.038 goodMood[3936:22118] view entered [object Object]
2015-01-02 15:16:31.412 goodMood[3638:79847] Apache Cordova native platform version 3.7.0 is starting.
2015-01-02 15:16:31.415 goodMood[3638:79847] Multi-tasking -> Device: YES, App: YES
2015-01-02 15:16:31.438 goodMood[3638:79847] Unlimited access to network resources
2015-01-02 15:16:31.990 goodMood[3638:79847] [CDVTimer][keyboard] 0.065982ms
2015-01-02 15:16:32.008 goodMood[3638:79847] [CDVTimer][file] 17.536044ms
2015-01-02 15:16:32.008 goodMood[3638:79847] Init FacebookConnect Session
2015-01-02 15:16:32.034 goodMood[3638:79847] [CDVTimer][facebookconnectplugin] 25.824010ms
2015-01-02 15:16:32.034 goodMood[3638:79847] [CDVTimer][TotalPluginStartup] 43.985963ms
2015-01-02 15:16:32.539 goodMood[3638:79847] Resetting plugins due to page load.
2015-01-02 15:16:33.147 goodMood[3638:79847] Finished load of: file:///Users/nandanrao/Library/Developer/CoreSimulator/Devices/99800243-0D82-4C3F-9347-1C564F4AC792/data/Containers/Bundle/Application/949FE239-F60D-4A96-8B02-C35F17F4EB08/goodMood.app/www/index.html#/login/%252F
2015-01-02 15:16:35.616 goodMood[3638:79847] Setting the WebView's frame to {{0, 0}, {375, 623}}
2015-01-02 15:16:35.645 goodMood[3638:79847] THREAD WARNING: ['InAppBrowser'] took '336.481201' ms. Plugin should use a background thread.
2015-01-02 15:16:35.683 goodMood[3638:79847] ele has ng-mousedown?
2015-01-02 15:16:42.934 goodMood[3638:79847] ele has ng-mousedown?
2015-01-02 15:16:45.312 goodMood[3638:79847] ele has ng-mousedown?
2015-01-02 15:16:45.676 goodMood[3638:79847] initializing 
2015-01-02 15:16:46.208 goodMood[3638:79847] view entered [object Object]
2015-01-02 15:16:48.888 goodMood[3638:79847] mousedown 
2015-01-02 15:16:48.889 goodMood[3638:79847] clicked!
2015-01-02 15:16:48.896 goodMood[3638:79847] made it up to the top... breaking!
2015-01-02 15:16:50.441 goodMood[3638:79847] ele has ng-mousedown?
2015-01-02 15:16:50.855 goodMood[3638:79847] view entered [object Object]
2015-01-02 15:16:52.487 goodMood[3638:79847] ele has ng-mousedown?
2015-01-02 15:16:54.206 goodMood[3638:79847] ele has ng-mousedown?
2015-01-02 15:16:55.988 goodMood[3638:79847] ele has ng-mousedown?
2015-01-02 15:16:57.306 goodMood[3638:79847] ele has ng-mousedown?
2015-01-02 15:18:24.786 goodMood[3638:79847] ele has ng-mousedown?
2015-01-02 15:18:24.807 goodMood[3638:79847] THREAD WARNING: ['Console'] took '19.897949' ms. Plugin should use a background thread.
2015-01-02 15:18:25.209 goodMood[3638:79847] clicked on  BUTTON
2015-01-02 15:18:25.947 goodMood[3638:79847] made it up to the top... breaking!
2015-01-02 15:18:26.893 goodMood[3638:79847] ele has ng-mousedown?
2015-01-02 15:19:10.086 goodMood[3638:79847] ele has ng-mousedown?
2015-01-02 15:19:10.103 goodMood[3638:79847] THREAD WARNING: ['Console'] took '19.332031' ms. Plugin should use a background thread.
2015-01-02 15:19:10.278 goodMood[3638:79847] ele has ng-mousedown?
2015-01-02 15:19:12.423 goodMood[3638:79847] THREAD WARNING: ['Keyboard'] took '43.141846' ms. Plugin should use a background thread.
2015-01-02 15:19:12.424 goodMood[3638:79847] ele has ng-mousedown?
2015-01-02 15:19:14.503 goodMood[3638:79847] ele has ng-mousedown?
2015-01-02 15:20:03.598 goodMood[3638:79847] ele has ng-mousedown?
2015-01-02 15:20:05.082 goodMood[3638:79847] ele has ng-mousedown?
